2016-06-01 01:07:12  4 logined
2016-06-01 01:07:12  4 add a new book named 
2016-06-01 01:07:12  sib
2016-06-01 01:07:12  4 add a new chapter to sib named chapter one
2016-06-01 01:07:12  4 get version list of sib chapter chapter one
2016-06-01 01:07:12  4 add new verion for sib chapter chapter one
2016-06-01 01:07:12  4 get last versionnum 
2016-06-01 01:07:12  4 get version list of sib chapter chapter one
2016-06-01 01:07:12  4 logined
2016-06-01 01:07:12  book list requested
2016-06-01 01:07:12  4 get chapterList of sib
2016-06-01 01:07:12  4 get authors name of sib
2016-06-01 01:07:12  4 get version list of sib chapter chapter one
2016-06-01 01:07:12  4 get chapter changes of sib chapter chapter one version 1
2016-06-01 01:07:12  4 get version list of sib chapter chapter one
2016-06-01 01:07:12  4 get version list of sib chapter chapter one
2016-06-01 01:07:12  4 add new verion for sib chapter chapter one
2016-06-01 01:07:12  4 get last versionnum 
2016-06-01 01:07:12  4 get version list of sib chapter chapter one
2016-06-01 01:07:12  4 logout
2016-06-01 01:07:12  cmd loaded from server
-------------------
2016-06-01 01:07:14  4 logined
2016-06-01 01:07:14  4 add a new book named 
2016-06-01 01:07:14  sib
2016-06-01 01:07:14  4 add a new chapter to sib named chapter one
2016-06-01 01:07:14  4 get version list of sib chapter chapter one
2016-06-01 01:07:14  4 add new verion for sib chapter chapter one
2016-06-01 01:07:14  4 get last versionnum 
2016-06-01 01:07:14  4 get version list of sib chapter chapter one
2016-06-01 01:07:14  4 logined
2016-06-01 01:07:14  book list requested
2016-06-01 01:07:14  4 get chapterList of sib
2016-06-01 01:07:14  4 get authors name of sib
2016-06-01 01:07:14  4 get version list of sib chapter chapter one
2016-06-01 01:07:14  4 get chapter changes of sib chapter chapter one version 1
2016-06-01 01:07:14  4 get version list of sib chapter chapter one
2016-06-01 01:07:14  4 get version list of sib chapter chapter one
2016-06-01 01:07:14  4 add new verion for sib chapter chapter one
2016-06-01 01:07:14  4 get last versionnum 
2016-06-01 01:07:14  4 get version list of sib chapter chapter one
2016-06-01 01:07:14  4 logout
2016-06-01 01:07:14  cmd loaded from server
-------------------
2016-06-01 01:07:15  4 logined
2016-06-01 01:07:15  4 add a new book named 
2016-06-01 01:07:15  sib
2016-06-01 01:07:15  4 add a new chapter to sib named chapter one
2016-06-01 01:07:15  4 get version list of sib chapter chapter one
2016-06-01 01:07:15  4 add new verion for sib chapter chapter one
2016-06-01 01:07:15  4 get last versionnum 
2016-06-01 01:07:15  4 get version list of sib chapter chapter one
2016-06-01 01:07:15  4 logined
2016-06-01 01:07:15  book list requested
2016-06-01 01:07:15  4 get chapterList of sib
2016-06-01 01:07:15  4 get authors name of sib
2016-06-01 01:07:15  4 get version list of sib chapter chapter one
2016-06-01 01:07:15  4 get chapter changes of sib chapter chapter one version 1
2016-06-01 01:07:15  4 get version list of sib chapter chapter one
2016-06-01 01:07:15  4 get version list of sib chapter chapter one
2016-06-01 01:07:15  4 add new verion for sib chapter chapter one
2016-06-01 01:07:15  4 get last versionnum 
2016-06-01 01:07:15  4 get version list of sib chapter chapter one
2016-06-01 01:07:15  4 logout
2016-06-01 01:07:15  cmd loaded from server
-------------------
2016-06-01 01:07:16  4 logined
2016-06-01 01:07:16  4 add a new book named 
2016-06-01 01:07:16  sib
2016-06-01 01:07:16  4 add a new chapter to sib named chapter one
2016-06-01 01:07:16  4 get version list of sib chapter chapter one
2016-06-01 01:07:16  4 add new verion for sib chapter chapter one
2016-06-01 01:07:16  4 get last versionnum 
2016-06-01 01:07:16  4 get version list of sib chapter chapter one
2016-06-01 01:07:16  4 logined
2016-06-01 01:07:16  book list requested
2016-06-01 01:07:16  4 get chapterList of sib
2016-06-01 01:07:16  4 get authors name of sib
2016-06-01 01:07:16  4 get version list of sib chapter chapter one
2016-06-01 01:07:16  4 get chapter changes of sib chapter chapter one version 1
2016-06-01 01:07:16  4 get version list of sib chapter chapter one
2016-06-01 01:07:16  4 get version list of sib chapter chapter one
2016-06-01 01:07:16  4 add new verion for sib chapter chapter one
2016-06-01 01:07:16  4 get last versionnum 
2016-06-01 01:07:16  4 get version list of sib chapter chapter one
2016-06-01 01:07:16  4 logout
2016-06-01 01:07:16  cmd loaded from server
-------------------
2016-06-01 01:07:31  cmd saved: Connect
2016-06-01 01:07:35  cmd saved: Login|admin|password
2016-06-01 01:07:35  4 logined
2016-06-01 01:07:35  cmd saved: GetBookList
2016-06-01 01:07:35  book list requested
2016-06-01 01:07:35  cmd saved: GetChapterList|sib
2016-06-01 01:07:35  4 get chapterList of sib
2016-06-01 01:07:35  cmd saved: GetRole
2016-06-01 01:07:38  cmd saved: GetChapterList|sib
2016-06-01 01:07:38  4 get chapterList of sib
2016-06-01 01:07:38  cmd saved: GetAuthorsNames|sib
2016-06-01 01:07:38  4 get authors name of sib
2016-06-01 01:07:38  cmd saved: GetVersionList|sib|chapter one
2016-06-01 01:07:38  4 get version list of sib chapter chapter one
2016-06-01 01:07:38  cmd saved: GetChapterChanges|sib|chapter one|1
2016-06-01 01:07:38  4 get chapter changes of sib chapter chapter one version 1
2016-06-01 01:07:38  cmd saved: GetChapterChanges|sib|chapter one|2
2016-06-01 01:07:38  4 get chapter changes of sib chapter chapter one version 2
2016-06-01 01:07:42  cmd saved: GetLastVersionNum|sib|chapter one
2016-06-01 01:07:42  4 get last versionnum 
2016-06-01 01:07:42  cmd saved: GetLastVersionNum|sib|chapter one
2016-06-01 01:07:42  4 get last versionnum 
2016-06-01 01:07:53  cmd saved: GetVersionList|sib|chapter one
2016-06-01 01:07:53  4 get version list of sib chapter chapter one
2016-06-01 01:07:53  cmd saved: AddNewVersion|sib|chapter one
2016-06-01 01:07:53  4 add new verion for sib chapter chapter one
2016-06-01 01:07:53  cmd saved: GetLastVersionNum|sib|chapter one
2016-06-01 01:07:53  4 get last versionnum 
2016-06-01 01:07:53  cmd saved: FastUpload|sib|chapter one|3^AddLine|544^EditLine|<!DOCTYPE html> <html lang="en"> <head> <meta charset="UTF-8"> <link rel="stylesheet" href="style.css"> <title>|544^AddLine|545^EditLine|ketab|545^AddLine|546^EditLine|</title> <script src="jquery.min.js"></script> <script src="javascript.js"></script> </head> <body> <div class="blueBack"> <div class="cont"> <div class="header"> <div class="title">|546^AddLine|547^EditLine|ketab|547^AddLine|548^EditLine|</div> <div class="authors">|548^AddLine|549^EditLine|<div class="author">sadegh</div>|549^AddLine|550^EditLine|<div class="author">admin</div>|550^AddLine|551^EditLine|</div> </div> <div class="cont-under"> <div class="sidebar">|551^AddLine|552^EditLine|<li id="0" class="list">chapter one</li>|552^AddLine|553^EditLine|</div> <div class="paper">|553^AddLine|554^EditLine|<div id ="t0" class="sec">|554^AddLine|555^EditLine|<h1>chapter one</h1>|555^AddLine|556^EditLine|<div class="text">|556^AddLine|557^EditLine|<span></span>|557^AddLine|558^EditLine|<span></span>|558^AddLine|559^EditLine|<span>salam</span>|559^AddLine|560^EditLine|<span>khobi ?</span>|560^AddLine|561^EditLine|<span></span>|561^AddLine|562^EditLine|<span></span>|562^AddLine|563^EditLine|<span></span>|563^AddLine|564^EditLine|</div></div>|564^AddLine|565^EditLine|</div> </div> </div> </div> </div> </body> </html>|565^
2016-06-01 01:07:53  cmd saved: GetVersionList|sib|chapter one
2016-06-01 01:07:53  4 get version list of sib chapter chapter one
2016-06-01 01:07:57  cmd saved: GetLastVersionNum|sib|chapter one
2016-06-01 01:07:57  4 get last versionnum 
2016-06-01 01:07:57  cmd saved: GetLastVersionNum|sib|chapter one
2016-06-01 01:07:57  4 get last versionnum 
2016-06-01 01:08:11  cmd saved: GetVersionList|sib|chapter one
2016-06-01 01:08:11  4 get version list of sib chapter chapter one
2016-06-01 01:08:11  cmd saved: AddNewVersion|sib|chapter one
2016-06-01 01:08:11  4 add new verion for sib chapter chapter one
2016-06-01 01:08:11  cmd saved: GetLastVersionNum|sib|chapter one
2016-06-01 01:08:11  4 get last versionnum 
2016-06-01 01:08:11  cmd saved: FastUpload|sib|chapter one|4^DeleteLine|583^DeleteLine|582^DeleteLine|581^DeleteLine|580^DeleteLine|579^DeleteLine|578^DeleteLine|577^DeleteLine|576^DeleteLine|575^DeleteLine|574^DeleteLine|573^DeleteLine|572^DeleteLine|571^DeleteLine|570^DeleteLine|569^DeleteLine|568^DeleteLine|567^DeleteLine|566^DeleteLine|565^DeleteLine|564^DeleteLine|563^DeleteLine|562^DeleteLine|561^DeleteLine|560^DeleteLine|559^DeleteLine|558^DeleteLine|557^DeleteLine|556^DeleteLine|555^DeleteLine|554^DeleteLine|553^DeleteLine|552^DeleteLine|551^DeleteLine|550^DeleteLine|549^DeleteLine|548^DeleteLine|547^DeleteLine|546^DeleteLine|545^DeleteLine|544^DeleteLine|543^DeleteLine|542^DeleteLine|541^DeleteLine|540^DeleteLine|539^DeleteLine|538^DeleteLine|537^DeleteLine|536^
2016-06-01 01:08:11  cmd saved: GetVersionList|sib|chapter one
2016-06-01 01:08:11  4 get version list of sib chapter chapter one
2016-06-01 01:08:15  cmd saved: GetBookList
2016-06-01 01:08:15  book list requested
2016-06-01 01:08:15  cmd saved: GetChapterList|sib
2016-06-01 01:08:15  4 get chapterList of sib
2016-06-01 01:11:25  4 login
2016-06-01 01:11:25  4 add a new book named 
2016-06-01 01:11:25  sib
2016-06-01 01:11:25  4 add a new chapter to sib named chapter one
2016-06-01 01:11:25  4 get version list of sib chapter chapter one
2016-06-01 01:11:25  4 add new verion for sib chapter chapter one
2016-06-01 01:11:25  4 get last versionnum 
2016-06-01 01:11:25  4 get version list of sib chapter chapter one
2016-06-01 01:11:25  4 login
2016-06-01 01:11:25  book list requested
2016-06-01 01:11:25  4 get chapterList of sib
2016-06-01 01:11:25  4 get authors name of sib
2016-06-01 01:11:25  4 get version list of sib chapter chapter one
2016-06-01 01:11:25  4 get chapter changes of sib chapter chapter one version 1
2016-06-01 01:11:25  4 get version list of sib chapter chapter one
2016-06-01 01:11:25  4 get version list of sib chapter chapter one
2016-06-01 01:11:25  4 add new verion for sib chapter chapter one
2016-06-01 01:11:25  4 get last versionnum 
2016-06-01 01:11:25  4 get version list of sib chapter chapter one
2016-06-01 01:11:25  4 logout
2016-06-01 01:11:25  4 login
2016-06-01 01:11:25  book list requested
2016-06-01 01:11:25  4 get chapterList of sib
2016-06-01 01:11:25  4 get chapterList of sib
2016-06-01 01:11:25  4 get authors name of sib
2016-06-01 01:11:25  4 get version list of sib chapter chapter one
2016-06-01 01:11:25  4 get chapter changes of sib chapter chapter one version 1
2016-06-01 01:11:25  4 get chapter changes of sib chapter chapter one version 2
2016-06-01 01:11:25  4 get last versionnum 
2016-06-01 01:11:25  4 get last versionnum 
2016-06-01 01:11:25  4 get version list of sib chapter chapter one
2016-06-01 01:11:25  4 add new verion for sib chapter chapter one
2016-06-01 01:11:25  4 get last versionnum 
2016-06-01 01:11:25  4 get version list of sib chapter chapter one
2016-06-01 01:11:25  4 get last versionnum 
2016-06-01 01:11:25  4 get last versionnum 
2016-06-01 01:11:25  4 get version list of sib chapter chapter one
2016-06-01 01:11:25  4 add new verion for sib chapter chapter one
2016-06-01 01:11:25  4 get last versionnum 
2016-06-01 01:11:25  4 get version list of sib chapter chapter one
2016-06-01 01:11:25  book list requested
2016-06-01 01:11:25  4 get chapterList of sib
2016-06-01 01:11:25  cmd loaded from server
-------------------
2016-06-01 01:11:28  4 login
2016-06-01 01:11:28  4 add a new book named 
2016-06-01 01:11:28  sib
2016-06-01 01:11:28  4 add a new chapter to sib named chapter one
2016-06-01 01:11:28  4 get version list of sib chapter chapter one
2016-06-01 01:11:28  4 add new verion for sib chapter chapter one
2016-06-01 01:11:28  4 get last versionnum 
2016-06-01 01:11:28  4 get version list of sib chapter chapter one
2016-06-01 01:11:28  4 login
2016-06-01 01:11:28  book list requested
2016-06-01 01:11:28  4 get chapterList of sib
2016-06-01 01:11:28  4 get authors name of sib
2016-06-01 01:11:28  4 get version list of sib chapter chapter one
2016-06-01 01:11:28  4 get chapter changes of sib chapter chapter one version 1
2016-06-01 01:11:28  4 get version list of sib chapter chapter one
2016-06-01 01:11:28  4 get version list of sib chapter chapter one
2016-06-01 01:11:28  4 add new verion for sib chapter chapter one
2016-06-01 01:11:28  4 get last versionnum 
2016-06-01 01:11:28  4 get version list of sib chapter chapter one
2016-06-01 01:11:28  4 logout
2016-06-01 01:11:28  4 login
2016-06-01 01:11:28  book list requested
2016-06-01 01:11:28  4 get chapterList of sib
2016-06-01 01:11:28  4 get chapterList of sib
2016-06-01 01:11:28  4 get authors name of sib
2016-06-01 01:11:28  4 get version list of sib chapter chapter one
2016-06-01 01:11:28  4 get chapter changes of sib chapter chapter one version 1
2016-06-01 01:11:28  4 get chapter changes of sib chapter chapter one version 2
2016-06-01 01:11:28  4 get last versionnum 
2016-06-01 01:11:28  4 get last versionnum 
2016-06-01 01:11:28  4 get version list of sib chapter chapter one
2016-06-01 01:11:28  4 add new verion for sib chapter chapter one
2016-06-01 01:11:28  4 get last versionnum 
2016-06-01 01:11:28  4 get version list of sib chapter chapter one
2016-06-01 01:11:28  4 get last versionnum 
2016-06-01 01:11:28  4 get last versionnum 
2016-06-01 01:11:28  4 get version list of sib chapter chapter one
2016-06-01 01:11:28  4 add new verion for sib chapter chapter one
2016-06-01 01:11:28  4 get last versionnum 
2016-06-01 01:11:28  4 get version list of sib chapter chapter one
2016-06-01 01:11:28  book list requested
2016-06-01 01:11:28  4 get chapterList of sib
2016-06-01 01:11:28  cmd loaded from server
-------------------
2016-06-01 01:11:31  4 login
2016-06-01 01:11:31  4 add a new book named 
2016-06-01 01:11:31  sib
2016-06-01 01:11:31  4 add a new chapter to sib named chapter one
2016-06-01 01:11:31  4 get version list of sib chapter chapter one
2016-06-01 01:11:31  4 add new verion for sib chapter chapter one
2016-06-01 01:11:31  4 get last versionnum 
2016-06-01 01:11:31  4 get version list of sib chapter chapter one
2016-06-01 01:11:31  4 login
2016-06-01 01:11:31  book list requested
2016-06-01 01:11:31  4 get chapterList of sib
2016-06-01 01:11:31  4 get authors name of sib
2016-06-01 01:11:31  4 get version list of sib chapter chapter one
2016-06-01 01:11:31  4 get chapter changes of sib chapter chapter one version 1
2016-06-01 01:11:31  4 get version list of sib chapter chapter one
2016-06-01 01:11:31  4 get version list of sib chapter chapter one
2016-06-01 01:11:31  4 add new verion for sib chapter chapter one
2016-06-01 01:11:31  4 get last versionnum 
2016-06-01 01:11:31  4 get version list of sib chapter chapter one
2016-06-01 01:11:31  4 logout
2016-06-01 01:11:31  4 login
2016-06-01 01:11:31  book list requested
2016-06-01 01:11:31  4 get chapterList of sib
2016-06-01 01:11:31  4 get chapterList of sib
2016-06-01 01:11:31  4 get authors name of sib
2016-06-01 01:11:31  4 get version list of sib chapter chapter one
2016-06-01 01:11:31  4 get chapter changes of sib chapter chapter one version 1
2016-06-01 01:11:31  4 get chapter changes of sib chapter chapter one version 2
2016-06-01 01:11:31  4 get last versionnum 
2016-06-01 01:11:31  4 get last versionnum 
2016-06-01 01:11:31  4 get version list of sib chapter chapter one
2016-06-01 01:11:31  4 add new verion for sib chapter chapter one
2016-06-01 01:11:31  4 get last versionnum 
2016-06-01 01:11:31  4 get version list of sib chapter chapter one
2016-06-01 01:11:31  4 get last versionnum 
2016-06-01 01:11:31  4 get last versionnum 
2016-06-01 01:11:31  4 get version list of sib chapter chapter one
2016-06-01 01:11:31  4 add new verion for sib chapter chapter one
2016-06-01 01:11:31  4 get last versionnum 
2016-06-01 01:11:31  4 get version list of sib chapter chapter one
2016-06-01 01:11:31  book list requested
2016-06-01 01:11:31  4 get chapterList of sib
2016-06-01 01:11:31  cmd loaded from server
-------------------
2016-06-21 02:10:00  cmd loaded from server
-------------------
2016-06-21 02:10:05  cmd saved: Connect
2016-06-21 02:10:13  cmd saved: AddUser|sadegh|123
2016-06-21 02:10:13  sadegh
2016-06-21 02:10:13   signedup
2016-06-21 02:10:18  cmd saved: Login|sadegh|123
2016-06-21 02:10:18  4 login
2016-06-21 02:10:18  cmd saved: GetBookList
2016-06-21 02:10:18  book list requested
2016-06-21 02:10:18  cmd saved: GetRole
2016-06-21 02:10:23  cmd saved: AddBookRequest
2016-06-21 02:10:23  4 add a new request
2016-06-21 02:10:29  cmd saved: Connect
2016-06-21 02:10:33  cmd saved: Login|admin|password
2016-06-21 02:10:33  5 login
2016-06-21 02:10:33  cmd saved: GetBookList
2016-06-21 02:10:33  book list requested
2016-06-21 02:10:33  cmd saved: GetRole
2016-06-21 02:10:40  cmd saved: GetRequests
2016-06-21 02:10:40  5 get requests list
2016-06-21 02:10:42  cmd saved: GiveAddBookAccess|sadegh
2016-06-21 02:10:42  5 add book access to 
2016-06-21 02:10:42  sadegh
2016-06-21 02:11:03  cmd saved: Connect
2016-06-21 02:11:14  cmd saved: AddUser|amin|123
2016-06-21 02:11:14  amin
2016-06-21 02:11:14   signedup
2016-06-21 02:11:18  cmd saved: Login|amin|123
2016-06-21 02:11:18  6 login
2016-06-21 02:11:18  cmd saved: GetBookList
2016-06-21 02:11:18  book list requested
2016-06-21 02:11:18  cmd saved: GetRole
2016-06-21 02:11:48  cmd saved: GetLastVersionNum|ziba|chapter one
2016-06-21 02:12:02  cmd saved: GetLastVersionNum|ziba|chapter one
2016-06-21 02:12:03  cmd saved: GetLastVersionNum|ziba|chapter one
2016-06-21 02:12:03  cmd saved: GetLastVersionNum|ziba|chapter one
2016-06-21 02:12:13  cmd saved: AddBook|ziba|sadegh|amin|
2016-06-21 02:12:13  4 add a new book named 
2016-06-21 02:12:13  ziba
2016-06-21 02:12:13  cmd saved: AddChapter|ziba|chapter one|-1
